# JRE version: OpenJDK Runtime Environment (11.0.10) (build 11.0.10+0-b96-7249189)
# Java VM: OpenJDK 64-Bit Server VM (11.0.10+0-b96-7249189, mixed mode, tiered, compressed oops, g1 gc, windows-amd64)
Heap:
 garbage-first heap   total 236544K, used 115212K [0x0000000080000000, 0x0000000100000000)
  region size 1024K, 11 young (11264K), 4 survivors (4096K)
 Metaspace       used 92022K, capacity 94296K, committed 94456K, reserved 1132544K
  class space    used 11389K, capacity 12229K, committed 12312K, reserved 1048576K
GC Heap History (20 events):
Event: 42.411 GC heap before
{Heap before GC invocations=17 (full 0):
 garbage-first heap   total 236544K, used 179994K [0x0000000080000000, 0x0000000100000000)
  region size 1024K, 108 young (110592K), 16 survivors (16384K)
 Metaspace       used 84392K, capacity 86551K, committed 86776K, reserved 1124352K
  class space    used 10744K, capacity 11498K, committed 11544K, reserved 1048576K
}
Event: 42.480 GC heap after
{Heap after GC invocations=18 (full 0):
 garbage-first heap   total 236544K, used 106496K [0x0000000080000000, 0x0000000100000000)
  region size 1024K, 14 young (14336K), 14 survivors (14336K)
 Metaspace       used 84392K, capacity 86551K, committed 86776K, reserved 1124352K
  class space    used 10744K, capacity 11498K, committed 11544K, reserved 1048576K
}
Event: 45.161 GC heap before
{Heap before GC invocations=18 (full 0):
 garbage-first heap   total 236544K, used 185344K [0x0000000080000000, 0x0000000100000000)
  region size 1024K, 89 young (91136K), 14 survivors (14336K)
 Metaspace       used 87263K, capacity 89482K, committed 89720K, reserved 1126400K
  class space    used 11034K, capacity 11866K, committed 11928K, reserved 1048576K
}
Event: 45.237 GC heap after
{Heap after GC invocations=19 (full 0):
 garbage-first heap   total 236544K, used 128000K [0x0000000080000000, 0x0000000100000000)
  region size 1024K, 12 young (12288K), 12 survivors (12288K)
 Metaspace       used 87263K, capacity 89482K, committed 89720K, reserved 1126400K
  class space    used 11034K, capacity 11866K, committed 11928K, reserved 1048576K
}
Event: 45.401 GC heap before
{Heap before GC invocations=19 (full 0):
 garbage-first heap   total 236544K, used 130048K [0x0000000080000000, 0x0000000100000000)
  region size 1024K, 15 young (15360K), 12 survivors (12288K)
 Metaspace       used 87922K, capacity 90125K, committed 90360K, reserved 1128448K
  class space    used 11102K, capacity 11931K, committed 12056K, reserved 1048576K
}
Event: 45.431 GC heap after
{Heap after GC invocations=20 (full 0):
 garbage-first heap   total 236544K, used 131072K [0x0000000080000000, 0x0000000100000000)
  region size 1024K, 2 young (2048K), 2 survivors (2048K)
 Metaspace       used 87922K, capacity 90125K, committed 90360K, reserved 1128448K
  class space    used 11102K, capacity 11931K, committed 12056K, reserved 1048576K
}
Event: 46.635 GC heap before
{Heap before GC invocations=21 (full 0):
 garbage-first heap   total 236544K, used 150528K [0x0000000080000000, 0x0000000100000000)
  region size 1024K, 13 young (13312K), 2 survivors (2048K)
 Metaspace       used 88101K, capacity 90302K, committed 90616K, reserved 1128448K
  class space    used 11099K, capacity 11921K, committed 12056K, reserved 1048576K
}
Event: 46.645 GC heap after
{Heap after GC invocations=22 (full 0):
 garbage-first heap   total 236544K, used 131616K [0x0000000080000000, 0x0000000100000000)
  region size 1024K, 2 young (2048K), 2 survivors (2048K)
 Metaspace       used 88101K, capacity 90302K, committed 90616K, reserved 1128448K
  class space    used 11099K, capacity 11921K, committed 12056K, reserved 1048576K
}
Event: 49.214 GC heap before
{Heap before GC invocations=23 (full 0):
 garbage-first heap   total 236544K, used 171552K [0x0000000080000000, 0x0000000100000000)
  region size 1024K, 41 young (41984K), 2 survivors (2048K)
 Metaspace       used 88248K, capacity 90558K, committed 90872K, reserved 1128448K
  class space    used 11099K, capacity 11921K, committed 12056K, reserved 1048576K
}
Event: 49.234 GC heap after
{Heap after GC invocations=24 (full 0):
 garbage-first heap   total 236544K, used 135168K [0x0000000080000000, 0x0000000100000000)
  region size 1024K, 5 young (5120K), 5 survivors (5120K)
 Metaspace       used 88248K, capacity 90558K, committed 90872K, reserved 1128448K
  class space    used 11099K, capacity 11921K, committed 12056K, reserved 1048576K
}
Event: 49.983 GC heap before
{Heap before GC invocations=24 (full 0):
 garbage-first heap   total 236544K, used 177152K [0x0000000080000000, 0x0000000100000000)
  region size 1024K, 46 young (47104K), 5 survivors (5120K)
 Metaspace       used 88307K, capacity 90562K, committed 90872K, reserved 1128448K
  class space    used 11101K, capacity 11922K, committed 12056K, reserved 1048576K
}
Event: 50.005 GC heap after
{Heap after GC invocations=25 (full 0):
 garbage-first heap   total 236544K, used 135236K [0x0000000080000000, 0x0000000100000000)
  region size 1024K, 2 young (2048K), 2 survivors (2048K)
 Metaspace       used 88307K, capacity 90562K, committed 90872K, reserved 1128448K
  class space    used 11101K, capacity 11922K, committed 12056K, reserved 1048576K
}
Event: 50.911 GC heap before
{Heap before GC invocations=25 (full 0):
 garbage-first heap   total 236544K, used 179268K [0x0000000080000000, 0x0000000100000000)
  region size 1024K, 45 young (46080K), 2 survivors (2048K)
 Metaspace       used 88328K, capacity 90632K, committed 90872K, reserved 1128448K
  class space    used 11102K, capacity 11924K, committed 12056K, reserved 1048576K
}
Event: 50.920 GC heap after
{Heap after GC invocations=26 (full 0):
 garbage-first heap   total 236544K, used 135524K [0x0000000080000000, 0x0000000100000000)
  region size 1024K, 2 young (2048K), 2 survivors (2048K)
 Metaspace       used 88328K, capacity 90632K, committed 90872K, reserved 1128448K
  class space    used 11102K, capacity 11924K, committed 12056K, reserved 1048576K
}
Event: 51.183 GC heap before
{Heap before GC invocations=27 (full 0):
 garbage-first heap   total 236544K, used 141668K [0x0000000080000000, 0x0000000100000000)
  region size 1024K, 9 young (9216K), 2 survivors (2048K)
 Metaspace       used 88334K, capacity 90632K, committed 90872K, reserved 1128448K
  class space    used 11102K, capacity 11924K, committed 12056K, reserved 1048576K
}
Event: 51.200 GC heap after
{Heap after GC invocations=28 (full 0):
 garbage-first heap   total 236544K, used 140716K [0x0000000080000000, 0x0000000100000000)
  region size 1024K, 7 young (7168K), 7 survivors (7168K)
 Metaspace       used 88334K, capacity 90632K, committed 90872K, reserved 1128448K
  class space    used 11102K, capacity 11924K, committed 12056K, reserved 1048576K
}
Event: 52.697 GC heap before
{Heap before GC invocations=29 (full 0):
 garbage-first heap   total 236544K, used 206252K [0x0000000080000000, 0x0000000100000000)
  region size 1024K, 46 young (47104K), 7 survivors (7168K)
 Metaspace       used 88731K, capacity 91031K, committed 91384K, reserved 1128448K
  class space    used 11126K, capacity 11939K, committed 12056K, reserved 1048576K
}
Event: 52.707 GC heap after
{Heap after GC invocations=30 (full 0):
 garbage-first heap   total 236544K, used 140419K [0x0000000080000000, 0x0000000100000000)
  region size 1024K, 6 young (6144K), 6 survivors (6144K)
 Metaspace       used 88731K, capacity 91031K, committed 91384K, reserved 1128448K
  class space    used 11126K, capacity 11939K, committed 12056K, reserved 1048576K
}
Event: 53.875 GC heap before
{Heap before GC invocations=30 (full 0):
 garbage-first heap   total 236544K, used 182403K [0x0000000080000000, 0x0000000100000000)
  region size 1024K, 48 young (49152K), 6 survivors (6144K)
 Metaspace       used 91831K, capacity 94098K, committed 94456K, reserved 1132544K
  class space    used 11387K, capacity 12227K, committed 12312K, reserved 1048576K
}
Event: 53.899 GC heap after
{Heap after GC invocations=31 (full 0):
 garbage-first heap   total 236544K, used 143884K [0x0000000080000000, 0x0000000100000000)
  region size 1024K, 4 young (4096K), 4 survivors (4096K)
 Metaspace       used 91831K, capacity 94098K, committed 94456K, reserved 1132544K
  class space    used 11387K, capacity 12227K, committed 12312K, reserved 1048576K
}

