# JRE version: OpenJDK Runtime Environment (11.0.10) (build 11.0.10+0-b96-7249189)
# Java VM: OpenJDK 64-Bit Server VM (11.0.10+0-b96-7249189, mixed mode, tiered, compressed oops, g1 gc, windows-amd64)
Heap:
 garbage-first heap   total 537600K, used 289996K [0x0000000080000000, 0x0000000100000000)
  region size 1024K, 61 young (62464K), 7 survivors (7168K)
 Metaspace       used 112103K, capacity 115058K, committed 115276K, reserved 1148928K
  class space    used 14489K, capacity 15639K, committed 15744K, reserved 1048576K
GC Heap History (20 events):
Event: 99.241 GC heap after
{Heap after GC invocations=46 (full 0):
 garbage-first heap   total 236544K, used 193033K [0x0000000080000000, 0x0000000100000000)
  region size 1024K, 2 young (2048K), 2 survivors (2048K)
 Metaspace       used 110806K, capacity 113720K, committed 113868K, reserved 1148928K
  class space    used 14214K, capacity 15327K, committed 15360K, reserved 1048576K
}
Event: 99.529 GC heap before
{Heap before GC invocations=47 (full 0):
 garbage-first heap   total 236544K, used 201225K [0x0000000080000000, 0x0000000100000000)
  region size 1024K, 11 young (11264K), 2 survivors (2048K)
 Metaspace       used 110806K, capacity 113720K, committed 113868K, reserved 1148928K
  class space    used 14214K, capacity 15327K, committed 15360K, reserved 1048576K
}
Event: 99.551 GC heap after
{Heap after GC invocations=48 (full 0):
 garbage-first heap   total 236544K, used 196938K [0x0000000080000000, 0x0000000100000000)
  region size 1024K, 2 young (2048K), 2 survivors (2048K)
 Metaspace       used 110806K, capacity 113720K, committed 113868K, reserved 1148928K
  class space    used 14214K, capacity 15327K, committed 15360K, reserved 1048576K
}
Event: 99.716 GC heap before
{Heap before GC invocations=48 (full 0):
 garbage-first heap   total 236544K, used 205130K [0x0000000080000000, 0x0000000100000000)
  region size 1024K, 11 young (11264K), 2 survivors (2048K)
 Metaspace       used 110825K, capacity 113720K, committed 113868K, reserved 1148928K
  class space    used 14215K, capacity 15327K, committed 15360K, reserved 1048576K
}
Event: 99.742 GC heap after
{Heap after GC invocations=49 (full 0):
 garbage-first heap   total 236544K, used 198072K [0x0000000080000000, 0x0000000100000000)
  region size 1024K, 2 young (2048K), 2 survivors (2048K)
 Metaspace       used 110825K, capacity 113720K, committed 113868K, reserved 1148928K
  class space    used 14215K, capacity 15327K, committed 15360K, reserved 1048576K
}
Event: 100.035 GC heap before
{Heap before GC invocations=49 (full 0):
 garbage-first heap   total 236544K, used 206264K [0x0000000080000000, 0x0000000100000000)
  region size 1024K, 11 young (11264K), 2 survivors (2048K)
 Metaspace       used 110833K, capacity 113720K, committed 113868K, reserved 1148928K
  class space    used 14215K, capacity 15327K, committed 15360K, reserved 1048576K
}
Event: 100.060 GC heap after
{Heap after GC invocations=50 (full 0):
 garbage-first heap   total 236544K, used 202156K [0x0000000080000000, 0x0000000100000000)
  region size 1024K, 2 young (2048K), 2 survivors (2048K)
 Metaspace       used 110833K, capacity 113720K, committed 113868K, reserved 1148928K
  class space    used 14215K, capacity 15327K, committed 15360K, reserved 1048576K
}
Event: 100.678 GC heap before
{Heap before GC invocations=50 (full 0):
 garbage-first heap   total 236544K, used 213420K [0x0000000080000000, 0x0000000100000000)
  region size 1024K, 11 young (11264K), 2 survivors (2048K)
 Metaspace       used 110833K, capacity 113720K, committed 113868K, reserved 1148928K
  class space    used 14215K, capacity 15327K, committed 15360K, reserved 1048576K
}
Event: 100.714 GC heap after
{Heap after GC invocations=51 (full 0):
 garbage-first heap   total 236544K, used 209059K [0x0000000080000000, 0x0000000100000000)
  region size 1024K, 2 young (2048K), 2 survivors (2048K)
 Metaspace       used 110833K, capacity 113720K, committed 113868K, reserved 1148928K
  class space    used 14215K, capacity 15327K, committed 15360K, reserved 1048576K
}
Event: 101.019 GC heap before
{Heap before GC invocations=51 (full 0):
 garbage-first heap   total 236544K, used 218275K [0x0000000080000000, 0x0000000100000000)
  region size 1024K, 11 young (11264K), 2 survivors (2048K)
 Metaspace       used 110833K, capacity 113720K, committed 113868K, reserved 1148928K
  class space    used 14215K, capacity 15327K, committed 15360K, reserved 1048576K
}
Event: 101.063 GC heap after
{Heap after GC invocations=52 (full 0):
 garbage-first heap   total 284672K, used 212919K [0x0000000080000000, 0x0000000100000000)
  region size 1024K, 2 young (2048K), 2 survivors (2048K)
 Metaspace       used 110833K, capacity 113720K, committed 113868K, reserved 1148928K
  class space    used 14215K, capacity 15327K, committed 15360K, reserved 1048576K
}
Event: 101.599 GC heap before
{Heap before GC invocations=53 (full 0):
 garbage-first heap   total 284672K, used 230327K [0x0000000080000000, 0x0000000100000000)
  region size 1024K, 19 young (19456K), 2 survivors (2048K)
 Metaspace       used 110833K, capacity 113720K, committed 113868K, reserved 1148928K
  class space    used 14215K, capacity 15327K, committed 15360K, reserved 1048576K
}
Event: 101.644 GC heap after
{Heap after GC invocations=54 (full 0):
 garbage-first heap   total 284672K, used 218906K [0x0000000080000000, 0x0000000100000000)
  region size 1024K, 3 young (3072K), 3 survivors (3072K)
 Metaspace       used 110833K, capacity 113720K, committed 113868K, reserved 1148928K
  class space    used 14215K, capacity 15327K, committed 15360K, reserved 1048576K
}
Event: 101.672 GC heap before
{Heap before GC invocations=54 (full 0):
 garbage-first heap   total 284672K, used 220954K [0x0000000080000000, 0x0000000100000000)
  region size 1024K, 6 young (6144K), 3 survivors (3072K)
 Metaspace       used 110833K, capacity 113720K, committed 113868K, reserved 1148928K
  class space    used 14215K, capacity 15327K, committed 15360K, reserved 1048576K
}
Event: 101.696 GC heap after
{Heap after GC invocations=55 (full 0):
 garbage-first heap   total 284672K, used 220372K [0x0000000080000000, 0x0000000100000000)
  region size 1024K, 1 young (1024K), 1 survivors (1024K)
 Metaspace       used 110833K, capacity 113720K, committed 113868K, reserved 1148928K
  class space    used 14215K, capacity 15327K, committed 15360K, reserved 1048576K
}
Event: 102.490 GC heap before
{Heap before GC invocations=55 (full 0):
 garbage-first heap   total 284672K, used 238804K [0x0000000080000000, 0x0000000100000000)
  region size 1024K, 14 young (14336K), 1 survivors (1024K)
 Metaspace       used 110833K, capacity 113720K, committed 113868K, reserved 1148928K
  class space    used 14215K, capacity 15327K, committed 15360K, reserved 1048576K
}
Event: 102.535 GC heap after
{Heap after GC invocations=56 (full 0):
 garbage-first heap   total 284672K, used 231071K [0x0000000080000000, 0x0000000100000000)
  region size 1024K, 2 young (2048K), 2 survivors (2048K)
 Metaspace       used 110833K, capacity 113720K, committed 113868K, reserved 1148928K
  class space    used 14215K, capacity 15327K, committed 15360K, reserved 1048576K
}
Event: 103.195 GC heap before
{Heap before GC invocations=56 (full 0):
 garbage-first heap   total 284672K, used 242335K [0x0000000080000000, 0x0000000100000000)
  region size 1024K, 13 young (13312K), 2 survivors (2048K)
 Metaspace       used 111826K, capacity 114779K, committed 115020K, reserved 1148928K
  class space    used 14488K, capacity 15638K, committed 15744K, reserved 1048576K
}
Event: 103.251 GC heap after
{Heap after GC invocations=57 (full 0):
 garbage-first heap   total 537600K, used 234700K [0x0000000080000000, 0x0000000100000000)
  region size 1024K, 2 young (2048K), 2 survivors (2048K)
 Metaspace       used 111826K, capacity 114779K, committed 115020K, reserved 1148928K
  class space    used 14488K, capacity 15638K, committed 15744K, reserved 1048576K
}
Event: 104.951 GC heap before
{Heap before GC invocations=58 (full 0):
 garbage-first heap   total 537600K, used 289996K [0x0000000080000000, 0x0000000100000000)
  region size 1024K, 56 young (57344K), 2 survivors (2048K)
 Metaspace       used 112103K, capacity 115058K, committed 115276K, reserved 1148928K
  class space    used 14489K, capacity 15639K, committed 15744K, reserved 1048576K
}

