# JRE version: OpenJDK Runtime Environment (11.0.10) (build 11.0.10+0-b96-7249189)
# Java VM: OpenJDK 64-Bit Server VM (11.0.10+0-b96-7249189, mixed mode, tiered, compressed oops, g1 gc, windows-amd64)
Heap:
 garbage-first heap   total 196608K, used 161059K [0x0000000080000000, 0x0000000100000000)
  region size 1024K, 30 young (30720K), 3 survivors (3072K)
 Metaspace       used 103773K, capacity 106381K, committed 106660K, reserved 1142784K
  class space    used 12908K, capacity 13832K, committed 13952K, reserved 1048576K
GC Heap History (20 events):
Event: 86.267 GC heap after
{Heap after GC invocations=33 (full 0):
 garbage-first heap   total 196608K, used 101491K [0x0000000080000000, 0x0000000100000000)
  region size 1024K, 3 young (3072K), 3 survivors (3072K)
 Metaspace       used 92021K, capacity 94249K, committed 94372K, reserved 1132544K
  class space    used 11514K, capacity 12306K, committed 12416K, reserved 1048576K
}
Event: 145.466 GC heap before
{Heap before GC invocations=34 (full 0):
 garbage-first heap   total 196608K, used 151667K [0x0000000080000000, 0x0000000100000000)
  region size 1024K, 53 young (54272K), 3 survivors (3072K)
 Metaspace       used 93935K, capacity 96194K, committed 96420K, reserved 1132544K
  class space    used 11716K, capacity 12550K, committed 12672K, reserved 1048576K
}
Event: 145.503 GC heap after
{Heap after GC invocations=35 (full 0):
 garbage-first heap   total 196608K, used 109568K [0x0000000080000000, 0x0000000100000000)
  region size 1024K, 7 young (7168K), 7 survivors (7168K)
 Metaspace       used 93935K, capacity 96194K, committed 96420K, reserved 1132544K
  class space    used 11716K, capacity 12550K, committed 12672K, reserved 1048576K
}
Event: 145.525 GC heap before
{Heap before GC invocations=35 (full 0):
 garbage-first heap   total 196608K, used 111616K [0x0000000080000000, 0x0000000100000000)
  region size 1024K, 9 young (9216K), 7 survivors (7168K)
 Metaspace       used 93935K, capacity 96194K, committed 96420K, reserved 1132544K
  class space    used 11716K, capacity 12550K, committed 12672K, reserved 1048576K
}
Event: 145.554 GC heap after
{Heap after GC invocations=36 (full 0):
 garbage-first heap   total 196608K, used 105131K [0x0000000080000000, 0x0000000100000000)
  region size 1024K, 1 young (1024K), 1 survivors (1024K)
 Metaspace       used 93935K, capacity 96194K, committed 96420K, reserved 1132544K
  class space    used 11716K, capacity 12550K, committed 12672K, reserved 1048576K
}
Event: 147.424 GC heap before
{Heap before GC invocations=36 (full 0):
 garbage-first heap   total 196608K, used 155307K [0x0000000080000000, 0x0000000100000000)
  region size 1024K, 48 young (49152K), 1 survivors (1024K)
 Metaspace       used 94388K, capacity 96661K, committed 96932K, reserved 1134592K
  class space    used 11749K, capacity 12555K, committed 12672K, reserved 1048576K
}
Event: 147.440 GC heap after
{Heap after GC invocations=37 (full 0):
 garbage-first heap   total 196608K, used 108033K [0x0000000080000000, 0x0000000100000000)
  region size 1024K, 4 young (4096K), 4 survivors (4096K)
 Metaspace       used 94388K, capacity 96661K, committed 96932K, reserved 1134592K
  class space    used 11749K, capacity 12555K, committed 12672K, reserved 1048576K
}
Event: 149.224 GC heap before
{Heap before GC invocations=38 (full 0):
 garbage-first heap   total 196608K, used 155137K [0x0000000080000000, 0x0000000100000000)
  region size 1024K, 51 young (52224K), 4 survivors (4096K)
 Metaspace       used 94682K, capacity 96991K, committed 97188K, reserved 1134592K
  class space    used 11798K, capacity 12602K, committed 12672K, reserved 1048576K
}
Event: 149.245 GC heap after
{Heap after GC invocations=39 (full 0):
 garbage-first heap   total 196608K, used 109230K [0x0000000080000000, 0x0000000100000000)
  region size 1024K, 5 young (5120K), 5 survivors (5120K)
 Metaspace       used 94682K, capacity 96991K, committed 97188K, reserved 1134592K
  class space    used 11798K, capacity 12602K, committed 12672K, reserved 1048576K
}
Event: 149.480 GC heap before
{Heap before GC invocations=39 (full 0):
 garbage-first heap   total 196608K, used 112302K [0x0000000080000000, 0x0000000100000000)
  region size 1024K, 9 young (9216K), 5 survivors (5120K)
 Metaspace       used 94935K, capacity 97161K, committed 97444K, reserved 1134592K
  class space    used 11830K, capacity 12616K, committed 12672K, reserved 1048576K
}
Event: 149.500 GC heap after
{Heap after GC invocations=40 (full 0):
 garbage-first heap   total 196608K, used 108578K [0x0000000080000000, 0x0000000100000000)
  region size 1024K, 2 young (2048K), 2 survivors (2048K)
 Metaspace       used 94935K, capacity 97161K, committed 97444K, reserved 1134592K
  class space    used 11830K, capacity 12616K, committed 12672K, reserved 1048576K
}
Event: 152.421 GC heap before
{Heap before GC invocations=40 (full 0):
 garbage-first heap   total 196608K, used 157730K [0x0000000080000000, 0x0000000100000000)
  region size 1024K, 50 young (51200K), 2 survivors (2048K)
 Metaspace       used 95843K, capacity 98165K, committed 98468K, reserved 1134592K
  class space    used 11949K, capacity 12803K, committed 12928K, reserved 1048576K
}
Event: 152.457 GC heap after
{Heap after GC invocations=41 (full 0):
 garbage-first heap   total 196608K, used 118690K [0x0000000080000000, 0x0000000100000000)
  region size 1024K, 7 young (7168K), 7 survivors (7168K)
 Metaspace       used 95843K, capacity 98165K, committed 98468K, reserved 1134592K
  class space    used 11949K, capacity 12803K, committed 12928K, reserved 1048576K
}
Event: 155.305 GC heap before
{Heap before GC invocations=41 (full 0):
 garbage-first heap   total 196608K, used 144290K [0x0000000080000000, 0x0000000100000000)
  region size 1024K, 34 young (34816K), 7 survivors (7168K)
 Metaspace       used 101457K, capacity 103900K, committed 103972K, reserved 1140736K
  class space    used 12667K, capacity 13522K, committed 13568K, reserved 1048576K
}
Event: 155.332 GC heap after
{Heap after GC invocations=42 (full 0):
 garbage-first heap   total 196608K, used 121175K [0x0000000080000000, 0x0000000100000000)
  region size 1024K, 2 young (2048K), 2 survivors (2048K)
 Metaspace       used 101457K, capacity 103900K, committed 103972K, reserved 1140736K
  class space    used 12667K, capacity 13522K, committed 13568K, reserved 1048576K
}
Event: 166.624 GC heap before
{Heap before GC invocations=43 (full 0):
 garbage-first heap   total 196608K, used 158039K [0x0000000080000000, 0x0000000100000000)
  region size 1024K, 36 young (36864K), 2 survivors (2048K)
 Metaspace       used 101912K, capacity 104233K, committed 104484K, reserved 1140736K
  class space    used 12703K, capacity 13568K, committed 13568K, reserved 1048576K
}
Event: 166.649 GC heap after
{Heap after GC invocations=44 (full 0):
 garbage-first heap   total 196608K, used 132728K [0x0000000080000000, 0x0000000100000000)
  region size 1024K, 5 young (5120K), 5 survivors (5120K)
 Metaspace       used 101912K, capacity 104233K, committed 104484K, reserved 1140736K
  class space    used 12703K, capacity 13568K, committed 13568K, reserved 1048576K
}
Event: 166.958 GC heap before
{Heap before GC invocations=44 (full 0):
 garbage-first heap   total 196608K, used 136824K [0x0000000080000000, 0x0000000100000000)
  region size 1024K, 9 young (9216K), 5 survivors (5120K)
 Metaspace       used 102147K, capacity 104506K, committed 104612K, reserved 1140736K
  class space    used 12725K, capacity 13616K, committed 13696K, reserved 1048576K
}
Event: 166.978 GC heap after
{Heap after GC invocations=45 (full 0):
 garbage-first heap   total 196608K, used 133411K [0x0000000080000000, 0x0000000100000000)
  region size 1024K, 2 young (2048K), 2 survivors (2048K)
 Metaspace       used 102147K, capacity 104506K, committed 104612K, reserved 1140736K
  class space    used 12725K, capacity 13616K, committed 13696K, reserved 1048576K
}
Event: 169.282 GC heap before
{Heap before GC invocations=45 (full 0):
 garbage-first heap   total 196608K, used 160035K [0x0000000080000000, 0x0000000100000000)
  region size 1024K, 29 young (29696K), 2 survivors (2048K)
 Metaspace       used 103773K, capacity 106381K, committed 106660K, reserved 1142784K
  class space    used 12908K, capacity 13832K, committed 13952K, reserved 1048576K
}

